2018-10-18 01:10:37,110 INFO    : 策略启动
2018-10-18 01:36:59,242 INFO    : 策略启动
2018-10-18 01:46:22,224 INFO    : 策略启动
2018-10-18 01:49:23,684 INFO    : 策略启动
2018-10-18 01:56:05,330 INFO    : 策略启动
2018-10-18 03:17:25,618 INFO    : 策略启动
2018-10-18 03:17:51,696 INFO    : 策略启动
2018-10-18 03:20:03,883 INFO    : 策略启动
2018-10-18 03:22:26,089 INFO    : 策略启动
2018-10-18 03:26:06,697 INFO    : 策略启动
2018-10-19 22:03:09,122 INFO    : 策略启动
2018-10-19 22:03:44,512 INFO    : 策略启动
2018-10-19 22:04:05,555 INFO    : 策略启动
2018-10-19 22:13:03,068 INFO    : 策略启动
2018-10-20 20:32:27,247 INFO    : 策略启动
2018-10-20 23:56:06,199 INFO    : 策略启动
2018-10-21 00:01:18,930 INFO    : 策略启动
2018-10-21 00:01:21,503 INFO    : 当前margin可用余额：0.0 BTC
2018-10-21 00:01:54,135 INFO    : 策略启动
2018-10-21 00:01:56,462 INFO    : 当前margin可用余额：0.02217646 BTC
2018-10-21 00:02:36,156 INFO    : 策略启动
2018-10-21 00:02:38,358 INFO    : Script_Bolling_Stop_EOS_BTC策略启动
2018-10-21 00:04:31,522 INFO    : 策略启动
2018-10-21 00:04:33,112 INFO    : 当前margin可用余额：0.02217646 BTC
2018-10-21 00:06:01,011 INFO    : 策略启动
2018-10-21 00:06:02,831 INFO    : 当前margin可用余额：0.02217646 BTC
2018-10-21 00:06:22,550 INFO    : 策略启动
2018-10-21 00:06:24,493 INFO    : 当前margin可用余额：0.02217646 BTC
2018-10-21 00:22:43,766 INFO    : 策略启动
2018-10-21 00:22:46,139 INFO    : 当前margin可用余额：0.02217646 BTC
2018-10-21 00:25:01,844 INFO    : 获取数据不包含最新的数据，重新获取
2018-10-21 00:25:02,883 INFO    : 获取数据不包含最新的数据，重新获取
2018-10-21 00:25:03,861 INFO    : 获取数据不包含最新的数据，重新获取
2018-10-21 00:25:04,842 INFO    : 获取数据不包含最新的数据，重新获取
2018-10-21 00:25:05,833 INFO    : 获取数据不包含最新的数据，重新获取
2018-10-21 00:25:06,845 INFO    : 本周期无交易数据，等待一下个周期
2018-10-21 00:25:08,115 INFO    : 当前margin可用余额：0.02217646 BTC
2018-10-21 00:30:01,382 INFO    : 获取数据不包含最新的数据，重新获取
2018-10-21 00:30:02,780 INFO    : 获取数据不包含最新的数据，重新获取
2018-10-21 00:30:04,141 INFO    : 获取数据不包含最新的数据，重新获取
2018-10-21 00:30:05,086 INFO    : 获取数据不包含最新的数据，重新获取
2018-10-21 00:30:06,030 INFO    : 获取数据不包含最新的数据，重新获取
2018-10-21 00:30:07,414 INFO    : 本周期无交易数据，等待一下个周期
2018-10-21 00:30:08,265 INFO    : 当前margin可用余额：0.02217646 BTC
2018-10-21 00:35:01,427 INFO    : 获取数据不包含最新的数据，重新获取
2018-10-21 00:35:02,564 INFO    : 获取数据不包含最新的数据，重新获取
2018-10-21 00:35:03,533 INFO    : 获取数据不包含最新的数据，重新获取
2018-10-21 00:35:04,482 INFO    : 获取数据不包含最新的数据，重新获取
2018-10-21 00:35:05,431 INFO    : 获取数据不包含最新的数据，重新获取
2018-10-21 00:35:06,394 INFO    : 本周期无交易数据，等待一下个周期
2018-10-21 00:35:07,982 INFO    : 当前margin可用余额：0.02217646 BTC
2018-10-21 00:35:21,134 INFO    : 策略启动
2018-10-21 00:35:22,490 INFO    : 当前margin可用余额：0.02217646 BTC
2018-10-21 10:01:00,798 INFO    : 策略启动
2018-10-21 10:01:03,484 INFO    : 当前margin可用余额：0.02217646 BTC
2018-10-21 17:49:23,942 INFO    : 策略启动
2018-10-21 17:49:27,303 INFO    : 当前margin可用余额：0.0206 BTC
2018-10-21 17:58:15,692 INFO    : 策略启动
2018-10-21 17:58:20,282 INFO    : 当前margin可用余额：0.0206 BTC
2018-10-21 18:00:17,521 INFO    : 策略启动
2018-10-21 18:00:20,696 INFO    : 当前margin可用余额：0.0206 BTC
2018-10-21 18:00:54,439 INFO    : 策略启动
2018-10-21 18:00:56,885 INFO    : 当前margin可用余额：0.0206 BTC
2018-10-21 18:01:27,933 INFO    : 策略启动
2018-10-21 18:01:29,819 INFO    : 当前margin可用余额：0.00217646 BTC
2018-10-21 18:01:43,736 INFO    : 策略启动
2018-10-21 18:01:45,493 INFO    : 当前margin可用余额：0.00217646 BTC
2018-10-21 18:03:44,240 INFO    : 策略启动
2018-10-21 18:03:46,837 INFO    : 当前margin可用余额：0.00217646 BTC
2018-10-21 18:06:04,131 INFO    : 策略启动
2018-10-21 18:06:06,662 INFO    : 当前margin可用余额：0.00217646 BTC
2018-10-21 18:12:45,156 INFO    : 策略启动
2018-10-21 18:12:48,140 INFO    : 当前margin可用余额：0.00217646 BTC
2018-10-21 18:22:35,747 INFO    : 策略启动
2018-10-21 18:22:44,520 INFO    : 当前margin可用余额：0.00217646 BTC
2018-10-21 19:29:28,648 INFO    : 策略启动
2018-10-21 19:33:54,371 INFO    : 策略启动
2018-10-21 19:33:57,567 INFO    : 当前margin可用余额：0.00217646 BTC
2018-10-21 19:35:32,714 INFO    : 策略启动
2018-10-21 19:35:35,192 INFO    : 当前margin可用余额：0.00217646 BTC
2018-10-21 20:00:33,697 INFO    : 策略启动
2018-10-21 20:00:34,192 INFO    : 当前margin可用余额：0.00217646 BTC
2018-10-21 22:51:58,189 INFO    : 策略启动
2018-10-21 22:51:58,755 INFO    : 当前margin可用余额：0.00217646 BTC
2018-10-21 22:52:41,284 INFO    : 策略启动
2018-10-21 22:52:41,710 INFO    : 当前margin可用余额：0.00217646 BTC
2018-10-21 22:56:06,755 INFO    : 策略启动
2018-10-21 22:56:07,193 INFO    : 当前margin可用余额：0.00217646 BTC
2018-10-21 23:00:02,195 INFO    : 获取数据不包含最新的数据，重新获取
2018-10-21 23:00:03,256 INFO    : 获取数据不包含最新的数据，重新获取
2018-10-21 23:00:04,455 INFO    : 获取数据不包含最新的数据，重新获取
2018-10-21 23:00:06,288 INFO    : 获取数据不包含最新的数据，重新获取
2018-10-21 23:00:07,498 INFO    : 获取数据不包含最新的数据，重新获取
2018-10-21 23:00:08,682 INFO    : 本周期无交易数据，等待一下个周期
2018-10-21 23:00:09,605 INFO    : 当前margin可用余额：0.00217646 BTC
2018-10-21 23:13:12,450 INFO    : 策略启动
2018-10-21 23:13:12,860 INFO    : 当前margin可用余额：0.00217646 BTC
2018-10-21 23:20:25,562 INFO    : 策略启动
2018-10-21 23:20:25,963 INFO    : 当前margin可用余额：0.00217646 BTC
2018-10-21 23:25:08,039 INFO    : 当前margin可用余额：0.00217646 BTC
2018-10-21 23:30:02,015 INFO    : 获取数据不包含最新的数据，重新获取
2018-10-21 23:30:02,547 INFO    : 获取数据不包含最新的数据，重新获取
2018-10-21 23:30:03,080 INFO    : 获取数据不包含最新的数据，重新获取
2018-10-21 23:30:04,328 INFO    : 获取数据不包含最新的数据，重新获取
2018-10-21 23:30:04,868 INFO    : 获取数据不包含最新的数据，重新获取
2018-10-21 23:30:06,092 INFO    : 本周期无交易数据，等待一下个周期
2018-10-21 23:30:07,100 INFO    : 当前margin可用余额：0.00217646 BTC
2018-10-21 23:30:42,933 INFO    : 策略启动
2018-10-21 23:30:44,332 INFO    : 当前margin可用余额：0.00217646 BTC
2018-10-21 23:35:01,614 INFO    : 获取数据不包含最新的数据，重新获取
2018-10-21 23:35:02,183 INFO    : 获取数据不包含最新的数据，重新获取
2018-10-21 23:35:03,373 INFO    : 获取数据不包含最新的数据，重新获取
2018-10-21 23:35:03,996 INFO    : 获取数据不包含最新的数据，重新获取
2018-10-21 23:35:04,730 INFO    : 获取数据不包含最新的数据，重新获取
2018-10-21 23:35:05,845 INFO    : 本周期无交易数据，等待一下个周期
2018-10-21 23:35:07,246 INFO    : 当前margin可用余额：0.00217646 BTC
2018-10-21 23:40:01,459 INFO    : 获取数据不包含最新的数据，重新获取
2018-10-21 23:40:01,894 INFO    : 获取数据不包含最新的数据，重新获取
2018-10-21 23:40:02,481 INFO    : 获取数据不包含最新的数据，重新获取
2018-10-21 23:40:03,028 INFO    : 获取数据不包含最新的数据，重新获取
2018-10-21 23:40:03,446 INFO    : 获取数据不包含最新的数据，重新获取
2018-10-21 23:40:04,372 INFO    : 本周期无交易数据，等待一下个周期
2018-10-21 23:40:06,778 INFO    : 当前margin可用余额：0.00217646 BTC
2018-10-21 23:45:01,637 INFO    : 获取数据不包含最新的数据，重新获取
2018-10-21 23:45:02,182 INFO    : 获取数据不包含最新的数据，重新获取
2018-10-21 23:45:03,504 INFO    : 获取数据不包含最新的数据，重新获取
2018-10-21 23:45:04,050 INFO    : 获取数据不包含最新的数据，重新获取
2018-10-21 23:45:04,696 INFO    : 获取数据不包含最新的数据，重新获取
2018-10-21 23:45:05,851 INFO    : 本周期无交易数据，等待一下个周期
2018-10-21 23:45:08,489 INFO    : 当前margin可用余额：0.00217646 BTC
2018-10-21 23:50:01,894 INFO    : 获取数据不包含最新的数据，重新获取
2018-10-21 23:50:03,185 INFO    : 获取数据不包含最新的数据，重新获取
2018-10-21 23:50:03,622 INFO    : 获取数据不包含最新的数据，重新获取
2018-10-21 23:50:04,225 INFO    : 获取数据不包含最新的数据，重新获取
2018-10-21 23:50:05,124 INFO    : 获取数据不包含最新的数据，重新获取
2018-10-21 23:50:06,437 INFO    : 本周期无交易数据，等待一下个周期
2018-10-21 23:50:07,929 INFO    : 当前margin可用余额：0.00217646 BTC
